生成启动时间为 2015-1-4 23:08:57。
     1>项目“G:\huang\我的板\继电器\以太网继电器6路\demo\relay_demo_V4.0\relay_demo\relay_demo.vcxproj”在节点 2 上(build 个目标)。
     1>PrepareForBuild:
         正在创建目录“G:\huang\我的板\继电器\以太网继电器6路\demo\relay_demo_V4.0\x64\Debug\”。
       InitializeBuildStatus:
         正在创建“x64\Debug\relay_demo.unsuccessfulbuild”，因为已指定“AlwaysCreate”。
       ClCompile:
         D:\Program Files\Microsoft Visual Studio 10.0\VC\bin\x86_amd64\CL.exe /c /Zi /nologo /W3 /WX- /Od /D WIN32 /D _WINDOWS /D _DEBUG /D _MBCS /Gm /EHsc /RTC1 /MTd /GS /fp:precise /Zc:wchar_t /Zc:forScope /Yc"StdAfx.h" /Fp"x64\Debug\relay_demo.pch" /Fo"x64\Debug\\" /Fd"x64\Debug\vc100.pdb" /Gd /TP /errorReport:prompt stdafx.cpp
         stdafx.cpp
         D:\Program Files\Microsoft Visual Studio 10.0\VC\bin\x86_amd64\CL.exe /c /Zi /nologo /W3 /WX- /Od /D WIN32 /D _WINDOWS /D _DEBUG /D _MBCS /Gm /EHsc /RTC1 /MTd /GS /fp:precise /Zc:wchar_t /Zc:forScope /Yu"StdAfx.h" /Fp"x64\Debug\relay_demo.pch" /Fo"x64\Debug\\" /Fd"x64\Debug\vc100.pdb" /Gd /TP /errorReport:prompt MySocket.cpp relay_demo.cpp relay_demoDlg.cpp
         relay_demoDlg.cpp
     1>relay_demoDlg.cpp(121): warning C4101: “buffer_farip”: 未引用的局部变量
     1>relay_demoDlg.cpp(120): warning C4101: “p4lo”: 未引用的局部变量
         relay_demo.cpp
         MySocket.cpp
         Generating Code...
       ResourceCompile:
         C:\Program Files\Microsoft SDKs\Windows\v7.0A\bin\rc.exe /D _DEBUG /l"0x0804" /Ix64\Debug\ /nologo /fo"x64\Debug\relay_demo.res" relay_demo.rc 
       ManifestResourceCompile:
         C:\Program Files\Microsoft SDKs\Windows\v7.0A\bin\rc.exe /nologo /fo"x64\Debug\relay_demo.exe.embed.manifest.res" x64\Debug\relay_demo_manifest.rc 
       Link:
         D:\Program Files\Microsoft Visual Studio 10.0\VC\bin\x86_amd64\link.exe /ERRORREPORT:PROMPT /OUT:"G:\huang\我的板\继电器\以太网继电器6路\demo\relay_demo_V4.0\x64\Debug\relay_demo.exe" /INCREMENTAL /NOLOGO /MANIFEST /ManifestFile:"x64\Debug\relay_demo.exe.intermediate.manifest" /MANIFESTUAC:"level='asInvoker' uiAccess='false'" /DEBUG /PDB:"G:\huang\我的板\继电器\以太网继电器6路\demo\relay_demo_V4.0\x64\Debug\relay_demo.pdb" /SUBSYSTEM:WINDOWS /TLBID:1 /DYNAMICBASE /NXCOMPAT /IMPLIB:"G:\huang\我的板\继电器\以太网继电器6路\demo\relay_demo_V4.0\x64\Debug\relay_demo.lib" /MACHINE:X64 x64\Debug\relay_demo.res
         x64\Debug\relay_demo.exe.embed.manifest.res
         x64\Debug\MySocket.obj
         x64\Debug\relay_demo.obj
         x64\Debug\relay_demoDlg.obj
         x64\Debug\stdafx.obj
         relay_demo.vcxproj -> G:\huang\我的板\继电器\以太网继电器6路\demo\relay_demo_V4.0\x64\Debug\relay_demo.exe
       Manifest:
         C:\Program Files\Microsoft SDKs\Windows\v7.0A\bin\mt.exe /nologo /verbose /out:"x64\Debug\relay_demo.exe.embed.manifest" /manifest x64\Debug\relay_demo.exe.intermediate.manifest "D:\Program Files\Microsoft Visual Studio 10.0\VC\Include\Manifest\dpiaware.manifest"
         C:\Program Files\Microsoft SDKs\Windows\v7.0A\bin\rc.exe /nologo /fo"x64\Debug\relay_demo.exe.embed.manifest.res" x64\Debug\relay_demo_manifest.rc 
       LinkEmbedManifest:
         D:\Program Files\Microsoft Visual Studio 10.0\VC\bin\x86_amd64\link.exe /ERRORREPORT:PROMPT /OUT:"G:\huang\我的板\继电器\以太网继电器6路\demo\relay_demo_V4.0\x64\Debug\relay_demo.exe" /INCREMENTAL /NOLOGO /MANIFEST /ManifestFile:"x64\Debug\relay_demo.exe.intermediate.manifest" /MANIFESTUAC:"level='asInvoker' uiAccess='false'" /DEBUG /PDB:"G:\huang\我的板\继电器\以太网继电器6路\demo\relay_demo_V4.0\x64\Debug\relay_demo.pdb" /SUBSYSTEM:WINDOWS /TLBID:1 /DYNAMICBASE /NXCOMPAT /IMPLIB:"G:\huang\我的板\继电器\以太网继电器6路\demo\relay_demo_V4.0\x64\Debug\relay_demo.lib" /MACHINE:X64 x64\Debug\relay_demo.res
         x64\Debug\relay_demo.exe.embed.manifest.res
         x64\Debug\MySocket.obj
         x64\Debug\relay_demo.obj
         x64\Debug\relay_demoDlg.obj
         x64\Debug\stdafx.obj
         relay_demo.vcxproj -> G:\huang\我的板\继电器\以太网继电器6路\demo\relay_demo_V4.0\x64\Debug\relay_demo.exe
       FinalizeBuildStatus:
         正在删除文件“x64\Debug\relay_demo.unsuccessfulbuild”。
         正在对“x64\Debug\relay_demo.lastbuildstate”执行 Touch 任务。
     1>已完成生成项目“G:\huang\我的板\继电器\以太网继电器6路\demo\relay_demo_V4.0\relay_demo\relay_demo.vcxproj”(build 个目标)的操作。

生成成功。

已用时间 00:00:33.07
