G:\HUANG\我的板\继电器\以太网继电器2路\DEMO\RELAY_DEMO_V2.0\DEBUG\RELAY_DEMO.EXE
G:\HUANG\我的板\继电器\以太网继电器2路\DEMO\RELAY_DEMO_V2.0\DEBUG\RELAY_DEMO.ILK
G:\HUANG\我的板\继电器\以太网继电器2路\DEMO\RELAY_DEMO_V2.0\DEBUG\RELAY_DEMO.PDB
G:\HUANG\我的板\继电器\以太网继电器2路\DEMO\RELAY_DEMO_V2.0\RELAY_DEMO\DEBUG\MYSOCKET.OBJ
G:\HUANG\我的板\继电器\以太网继电器2路\DEMO\RELAY_DEMO_V2.0\RELAY_DEMO\DEBUG\RELAY_DEMO.EXE.EMBED.MANIFEST
G:\HUANG\我的板\继电器\以太网继电器2路\DEMO\RELAY_DEMO_V2.0\RELAY_DEMO\DEBUG\RELAY_DEMO.EXE.EMBED.MANIFEST.RES
G:\HUANG\我的板\继电器\以太网继电器2路\DEMO\RELAY_DEMO_V2.0\RELAY_DEMO\DEBUG\RELAY_DEMO.EXE.INTERMEDIATE.MANIFEST
G:\HUANG\我的板\继电器\以太网继电器2路\DEMO\RELAY_DEMO_V2.0\RELAY_DEMO\DEBUG\RELAY_DEMO.OBJ
G:\HUANG\我的板\继电器\以太网继电器2路\DEMO\RELAY_DEMO_V2.0\RELAY_DEMO\DEBUG\RELAY_DEMO.PCH
G:\HUANG\我的板\继电器\以太网继电器2路\DEMO\RELAY_DEMO_V2.0\RELAY_DEMO\DEBUG\RELAY_DEMO.RES
G:\HUANG\我的板\继电器\以太网继电器2路\DEMO\RELAY_DEMO_V2.0\RELAY_DEMO\DEBUG\RELAY_DEMODLG.OBJ
G:\HUANG\我的板\继电器\以太网继电器2路\DEMO\RELAY_DEMO_V2.0\RELAY_DEMO\DEBUG\STDAFX.OBJ
G:\HUANG\我的板\继电器\以太网继电器2路\DEMO\RELAY_DEMO_V2.0\RELAY_DEMO\DEBUG\VC100.PDB
G:\HUANG\我的板\继电器\以太网继电器4入4出\DEMO\NET_4I4D_DEMO_V1.0\DEBUG\RELAY_DEMO.EXE
G:\HUANG\我的板\继电器\以太网继电器4入4出\DEMO\NET_4I4D_DEMO_V1.0\DEBUG\RELAY_DEMO.ILK
G:\HUANG\我的板\继电器\以太网继电器4入4出\DEMO\NET_4I4D_DEMO_V1.0\DEBUG\RELAY_DEMO.PDB
G:\huang\我的板\继电器\以太网继电器4入4出\demo\Net_4i4d_demo_V1.0\relay_demo\Debug\cl.command.1.tlog
G:\huang\我的板\继电器\以太网继电器4入4出\demo\Net_4i4d_demo_V1.0\relay_demo\Debug\CL.read.1.tlog
G:\huang\我的板\继电器\以太网继电器4入4出\demo\Net_4i4d_demo_V1.0\relay_demo\Debug\CL.write.1.tlog
G:\huang\我的板\继电器\以太网继电器4入4出\demo\Net_4i4d_demo_V1.0\relay_demo\Debug\link.10340.read.1.tlog
G:\huang\我的板\继电器\以太网继电器4入4出\demo\Net_4i4d_demo_V1.0\relay_demo\Debug\link.10340.write.1.tlog
G:\huang\我的板\继电器\以太网继电器4入4出\demo\Net_4i4d_demo_V1.0\relay_demo\Debug\link.10340-cvtres.read.1.tlog
G:\huang\我的板\继电器\以太网继电器4入4出\demo\Net_4i4d_demo_V1.0\relay_demo\Debug\link.10340-cvtres.write.1.tlog
G:\huang\我的板\继电器\以太网继电器4入4出\demo\Net_4i4d_demo_V1.0\relay_demo\Debug\link.11016.read.1.tlog
G:\huang\我的板\继电器\以太网继电器4入4出\demo\Net_4i4d_demo_V1.0\relay_demo\Debug\link.11016.write.1.tlog
G:\huang\我的板\继电器\以太网继电器4入4出\demo\Net_4i4d_demo_V1.0\relay_demo\Debug\link.11016-cvtres.read.1.tlog
G:\huang\我的板\继电器\以太网继电器4入4出\demo\Net_4i4d_demo_V1.0\relay_demo\Debug\link.11016-cvtres.write.1.tlog
G:\huang\我的板\继电器\以太网继电器4入4出\demo\Net_4i4d_demo_V1.0\relay_demo\Debug\link.11992.read.1.tlog
G:\huang\我的板\继电器\以太网继电器4入4出\demo\Net_4i4d_demo_V1.0\relay_demo\Debug\link.11992.write.1.tlog
G:\huang\我的板\继电器\以太网继电器4入4出\demo\Net_4i4d_demo_V1.0\relay_demo\Debug\link.11992-cvtres.read.1.tlog
G:\huang\我的板\继电器\以太网继电器4入4出\demo\Net_4i4d_demo_V1.0\relay_demo\Debug\link.11992-cvtres.write.1.tlog
G:\huang\我的板\继电器\以太网继电器4入4出\demo\Net_4i4d_demo_V1.0\relay_demo\Debug\link.1536.read.1.tlog
G:\huang\我的板\继电器\以太网继电器4入4出\demo\Net_4i4d_demo_V1.0\relay_demo\Debug\link.1536.write.1.tlog
G:\huang\我的板\继电器\以太网继电器4入4出\demo\Net_4i4d_demo_V1.0\relay_demo\Debug\link.1536-cvtres.read.1.tlog
G:\huang\我的板\继电器\以太网继电器4入4出\demo\Net_4i4d_demo_V1.0\relay_demo\Debug\link.1536-cvtres.write.1.tlog
G:\huang\我的板\继电器\以太网继电器4入4出\demo\Net_4i4d_demo_V1.0\relay_demo\Debug\link.2728.read.1.tlog
G:\huang\我的板\继电器\以太网继电器4入4出\demo\Net_4i4d_demo_V1.0\relay_demo\Debug\link.2728.write.1.tlog
G:\huang\我的板\继电器\以太网继电器4入4出\demo\Net_4i4d_demo_V1.0\relay_demo\Debug\link.2728-cvtres.read.1.tlog
G:\huang\我的板\继电器\以太网继电器4入4出\demo\Net_4i4d_demo_V1.0\relay_demo\Debug\link.2728-cvtres.write.1.tlog
G:\huang\我的板\继电器\以太网继电器4入4出\demo\Net_4i4d_demo_V1.0\relay_demo\Debug\link.4908.read.1.tlog
G:\huang\我的板\继电器\以太网继电器4入4出\demo\Net_4i4d_demo_V1.0\relay_demo\Debug\link.4908.write.1.tlog
G:\huang\我的板\继电器\以太网继电器4入4出\demo\Net_4i4d_demo_V1.0\relay_demo\Debug\link.4908-cvtres.read.1.tlog
G:\huang\我的板\继电器\以太网继电器4入4出\demo\Net_4i4d_demo_V1.0\relay_demo\Debug\link.4908-cvtres.write.1.tlog
G:\huang\我的板\继电器\以太网继电器4入4出\demo\Net_4i4d_demo_V1.0\relay_demo\Debug\link.5060.read.1.tlog
G:\huang\我的板\继电器\以太网继电器4入4出\demo\Net_4i4d_demo_V1.0\relay_demo\Debug\link.5060.write.1.tlog
G:\huang\我的板\继电器\以太网继电器4入4出\demo\Net_4i4d_demo_V1.0\relay_demo\Debug\link.5060-cvtres.read.1.tlog
G:\huang\我的板\继电器\以太网继电器4入4出\demo\Net_4i4d_demo_V1.0\relay_demo\Debug\link.5060-cvtres.write.1.tlog
G:\huang\我的板\继电器\以太网继电器4入4出\demo\Net_4i4d_demo_V1.0\relay_demo\Debug\link.5104.read.1.tlog
G:\huang\我的板\继电器\以太网继电器4入4出\demo\Net_4i4d_demo_V1.0\relay_demo\Debug\link.5104.write.1.tlog
G:\huang\我的板\继电器\以太网继电器4入4出\demo\Net_4i4d_demo_V1.0\relay_demo\Debug\link.5104-cvtres.read.1.tlog
G:\huang\我的板\继电器\以太网继电器4入4出\demo\Net_4i4d_demo_V1.0\relay_demo\Debug\link.5104-cvtres.write.1.tlog
G:\huang\我的板\继电器\以太网继电器4入4出\demo\Net_4i4d_demo_V1.0\relay_demo\Debug\link.5128.read.1.tlog
G:\huang\我的板\继电器\以太网继电器4入4出\demo\Net_4i4d_demo_V1.0\relay_demo\Debug\link.5128.write.1.tlog
G:\huang\我的板\继电器\以太网继电器4入4出\demo\Net_4i4d_demo_V1.0\relay_demo\Debug\link.5128-cvtres.read.1.tlog
G:\huang\我的板\继电器\以太网继电器4入4出\demo\Net_4i4d_demo_V1.0\relay_demo\Debug\link.5128-cvtres.write.1.tlog
G:\huang\我的板\继电器\以太网继电器4入4出\demo\Net_4i4d_demo_V1.0\relay_demo\Debug\link.5412.read.1.tlog
G:\huang\我的板\继电器\以太网继电器4入4出\demo\Net_4i4d_demo_V1.0\relay_demo\Debug\link.5412.write.1.tlog
G:\huang\我的板\继电器\以太网继电器4入4出\demo\Net_4i4d_demo_V1.0\relay_demo\Debug\link.5412-cvtres.read.1.tlog
G:\huang\我的板\继电器\以太网继电器4入4出\demo\Net_4i4d_demo_V1.0\relay_demo\Debug\link.5412-cvtres.write.1.tlog
G:\huang\我的板\继电器\以太网继电器4入4出\demo\Net_4i4d_demo_V1.0\relay_demo\Debug\link.5612.read.1.tlog
G:\huang\我的板\继电器\以太网继电器4入4出\demo\Net_4i4d_demo_V1.0\relay_demo\Debug\link.5612.write.1.tlog
G:\huang\我的板\继电器\以太网继电器4入4出\demo\Net_4i4d_demo_V1.0\relay_demo\Debug\link.5612-cvtres.read.1.tlog
G:\huang\我的板\继电器\以太网继电器4入4出\demo\Net_4i4d_demo_V1.0\relay_demo\Debug\link.5612-cvtres.write.1.tlog
G:\huang\我的板\继电器\以太网继电器4入4出\demo\Net_4i4d_demo_V1.0\relay_demo\Debug\link.5724.read.1.tlog
G:\huang\我的板\继电器\以太网继电器4入4出\demo\Net_4i4d_demo_V1.0\relay_demo\Debug\link.5724.write.1.tlog
G:\huang\我的板\继电器\以太网继电器4入4出\demo\Net_4i4d_demo_V1.0\relay_demo\Debug\link.5724-cvtres.read.1.tlog
G:\huang\我的板\继电器\以太网继电器4入4出\demo\Net_4i4d_demo_V1.0\relay_demo\Debug\link.5724-cvtres.write.1.tlog
G:\huang\我的板\继电器\以太网继电器4入4出\demo\Net_4i4d_demo_V1.0\relay_demo\Debug\link.6076.read.1.tlog
G:\huang\我的板\继电器\以太网继电器4入4出\demo\Net_4i4d_demo_V1.0\relay_demo\Debug\link.6076.write.1.tlog
G:\huang\我的板\继电器\以太网继电器4入4出\demo\Net_4i4d_demo_V1.0\relay_demo\Debug\link.6076-cvtres.read.1.tlog
G:\huang\我的板\继电器\以太网继电器4入4出\demo\Net_4i4d_demo_V1.0\relay_demo\Debug\link.6076-cvtres.write.1.tlog
G:\huang\我的板\继电器\以太网继电器4入4出\demo\Net_4i4d_demo_V1.0\relay_demo\Debug\link.6792.read.1.tlog
G:\huang\我的板\继电器\以太网继电器4入4出\demo\Net_4i4d_demo_V1.0\relay_demo\Debug\link.6792.write.1.tlog
G:\huang\我的板\继电器\以太网继电器4入4出\demo\Net_4i4d_demo_V1.0\relay_demo\Debug\link.6792-cvtres.read.1.tlog
G:\huang\我的板\继电器\以太网继电器4入4出\demo\Net_4i4d_demo_V1.0\relay_demo\Debug\link.6792-cvtres.write.1.tlog
G:\huang\我的板\继电器\以太网继电器4入4出\demo\Net_4i4d_demo_V1.0\relay_demo\Debug\link.7252.read.1.tlog
G:\huang\我的板\继电器\以太网继电器4入4出\demo\Net_4i4d_demo_V1.0\relay_demo\Debug\link.7252.write.1.tlog
G:\huang\我的板\继电器\以太网继电器4入4出\demo\Net_4i4d_demo_V1.0\relay_demo\Debug\link.7252-cvtres.read.1.tlog
G:\huang\我的板\继电器\以太网继电器4入4出\demo\Net_4i4d_demo_V1.0\relay_demo\Debug\link.7252-cvtres.write.1.tlog
G:\huang\我的板\继电器\以太网继电器4入4出\demo\Net_4i4d_demo_V1.0\relay_demo\Debug\link.7608.read.1.tlog
G:\huang\我的板\继电器\以太网继电器4入4出\demo\Net_4i4d_demo_V1.0\relay_demo\Debug\link.7608.write.1.tlog
G:\huang\我的板\继电器\以太网继电器4入4出\demo\Net_4i4d_demo_V1.0\relay_demo\Debug\link.7608-cvtres.read.1.tlog
G:\huang\我的板\继电器\以太网继电器4入4出\demo\Net_4i4d_demo_V1.0\relay_demo\Debug\link.7608-cvtres.write.1.tlog
G:\huang\我的板\继电器\以太网继电器4入4出\demo\Net_4i4d_demo_V1.0\relay_demo\Debug\link.7672.read.1.tlog
G:\huang\我的板\继电器\以太网继电器4入4出\demo\Net_4i4d_demo_V1.0\relay_demo\Debug\link.7672.write.1.tlog
G:\huang\我的板\继电器\以太网继电器4入4出\demo\Net_4i4d_demo_V1.0\relay_demo\Debug\link.7672-cvtres.read.1.tlog
G:\huang\我的板\继电器\以太网继电器4入4出\demo\Net_4i4d_demo_V1.0\relay_demo\Debug\link.7672-cvtres.write.1.tlog
G:\huang\我的板\继电器\以太网继电器4入4出\demo\Net_4i4d_demo_V1.0\relay_demo\Debug\link.7928.read.1.tlog
G:\huang\我的板\继电器\以太网继电器4入4出\demo\Net_4i4d_demo_V1.0\relay_demo\Debug\link.7928.write.1.tlog
G:\huang\我的板\继电器\以太网继电器4入4出\demo\Net_4i4d_demo_V1.0\relay_demo\Debug\link.7928-cvtres.read.1.tlog
G:\huang\我的板\继电器\以太网继电器4入4出\demo\Net_4i4d_demo_V1.0\relay_demo\Debug\link.7928-cvtres.write.1.tlog
G:\huang\我的板\继电器\以太网继电器4入4出\demo\Net_4i4d_demo_V1.0\relay_demo\Debug\link.7952.read.1.tlog
G:\huang\我的板\继电器\以太网继电器4入4出\demo\Net_4i4d_demo_V1.0\relay_demo\Debug\link.7952.write.1.tlog
G:\huang\我的板\继电器\以太网继电器4入4出\demo\Net_4i4d_demo_V1.0\relay_demo\Debug\link.7952-cvtres.read.1.tlog
G:\huang\我的板\继电器\以太网继电器4入4出\demo\Net_4i4d_demo_V1.0\relay_demo\Debug\link.7952-cvtres.write.1.tlog
G:\huang\我的板\继电器\以太网继电器4入4出\demo\Net_4i4d_demo_V1.0\relay_demo\Debug\link.7996.read.1.tlog
G:\huang\我的板\继电器\以太网继电器4入4出\demo\Net_4i4d_demo_V1.0\relay_demo\Debug\link.7996.write.1.tlog
G:\huang\我的板\继电器\以太网继电器4入4出\demo\Net_4i4d_demo_V1.0\relay_demo\Debug\link.7996-cvtres.read.1.tlog
G:\huang\我的板\继电器\以太网继电器4入4出\demo\Net_4i4d_demo_V1.0\relay_demo\Debug\link.7996-cvtres.write.1.tlog
G:\huang\我的板\继电器\以太网继电器4入4出\demo\Net_4i4d_demo_V1.0\relay_demo\Debug\link.9292.read.1.tlog
G:\huang\我的板\继电器\以太网继电器4入4出\demo\Net_4i4d_demo_V1.0\relay_demo\Debug\link.9292.write.1.tlog
G:\huang\我的板\继电器\以太网继电器4入4出\demo\Net_4i4d_demo_V1.0\relay_demo\Debug\link.9292-cvtres.read.1.tlog
G:\huang\我的板\继电器\以太网继电器4入4出\demo\Net_4i4d_demo_V1.0\relay_demo\Debug\link.9292-cvtres.write.1.tlog
G:\huang\我的板\继电器\以太网继电器4入4出\demo\Net_4i4d_demo_V1.0\relay_demo\Debug\link.command.1.tlog
G:\huang\我的板\继电器\以太网继电器4入4出\demo\Net_4i4d_demo_V1.0\relay_demo\Debug\link.read.1.tlog
G:\huang\我的板\继电器\以太网继电器4入4出\demo\Net_4i4d_demo_V1.0\relay_demo\Debug\link.write.1.tlog
G:\huang\我的板\继电器\以太网继电器4入4出\demo\Net_4i4d_demo_V1.0\relay_demo\Debug\link-cvtres.read.1.tlog
G:\huang\我的板\继电器\以太网继电器4入4出\demo\Net_4i4d_demo_V1.0\relay_demo\Debug\link-cvtres.write.1.tlog
G:\huang\我的板\继电器\以太网继电器4入4出\demo\Net_4i4d_demo_V1.0\relay_demo\Debug\mt.command.1.tlog
G:\huang\我的板\继电器\以太网继电器4入4出\demo\Net_4i4d_demo_V1.0\relay_demo\Debug\mt.read.1.tlog
G:\huang\我的板\继电器\以太网继电器4入4出\demo\Net_4i4d_demo_V1.0\relay_demo\Debug\mt.write.1.tlog
G:\HUANG\我的板\继电器\以太网继电器4入4出\DEMO\NET_4I4D_DEMO_V1.0\RELAY_DEMO\DEBUG\MYSOCKET.OBJ
G:\huang\我的板\继电器\以太网继电器4入4出\demo\Net_4i4d_demo_V1.0\relay_demo\Debug\rc.command.1.tlog
G:\huang\我的板\继电器\以太网继电器4入4出\demo\Net_4i4d_demo_V1.0\relay_demo\Debug\rc.read.1.tlog
G:\huang\我的板\继电器\以太网继电器4入4出\demo\Net_4i4d_demo_V1.0\relay_demo\Debug\rc.write.1.tlog
G:\huang\我的板\继电器\以太网继电器4入4出\demo\Net_4i4d_demo_V1.0\relay_demo\Debug\relay_demo.exe.embed.manifest
G:\HUANG\我的板\继电器\以太网继电器4入4出\DEMO\NET_4I4D_DEMO_V1.0\RELAY_DEMO\DEBUG\RELAY_DEMO.EXE.EMBED.MANIFEST.RES
G:\HUANG\我的板\继电器\以太网继电器4入4出\DEMO\NET_4I4D_DEMO_V1.0\RELAY_DEMO\DEBUG\RELAY_DEMO.EXE.INTERMEDIATE.MANIFEST
G:\HUANG\我的板\继电器\以太网继电器4入4出\DEMO\NET_4I4D_DEMO_V1.0\RELAY_DEMO\DEBUG\RELAY_DEMO.OBJ
G:\HUANG\我的板\继电器\以太网继电器4入4出\DEMO\NET_4I4D_DEMO_V1.0\RELAY_DEMO\DEBUG\RELAY_DEMO.PCH
G:\HUANG\我的板\继电器\以太网继电器4入4出\DEMO\NET_4I4D_DEMO_V1.0\RELAY_DEMO\DEBUG\RELAY_DEMO.RES
G:\huang\我的板\继电器\以太网继电器4入4出\demo\Net_4i4d_demo_V1.0\relay_demo\Debug\relay_demo_manifest.rc
G:\HUANG\我的板\继电器\以太网继电器4入4出\DEMO\NET_4I4D_DEMO_V1.0\RELAY_DEMO\DEBUG\RELAY_DEMODLG.OBJ
G:\HUANG\我的板\继电器\以太网继电器4入4出\DEMO\NET_4I4D_DEMO_V1.0\RELAY_DEMO\DEBUG\STDAFX.OBJ
G:\huang\我的板\继电器\以太网继电器4入4出\demo\Net_4i4d_demo_V1.0\relay_demo\Debug\vc100.idb
G:\HUANG\我的板\继电器\以太网继电器4入4出\DEMO\NET_4I4D_DEMO_V1.0\RELAY_DEMO\DEBUG\VC100.PDB
G:\HUANG\我的板\继电器\以太网继电器6路\DEMO\RELAY_DEMO_V2.0\DEBUG\RELAY_DEMO.EXE
G:\HUANG\我的板\继电器\以太网继电器6路\DEMO\RELAY_DEMO_V2.0\DEBUG\RELAY_DEMO.ILK
G:\HUANG\我的板\继电器\以太网继电器6路\DEMO\RELAY_DEMO_V2.0\DEBUG\RELAY_DEMO.PDB
G:\HUANG\我的板\继电器\以太网继电器6路\DEMO\RELAY_DEMO_V2.0\RELAY_DEMO\DEBUG\MYSOCKET.OBJ
G:\HUANG\我的板\继电器\以太网继电器6路\DEMO\RELAY_DEMO_V2.0\RELAY_DEMO\DEBUG\RELAY_DEMO.EXE.EMBED.MANIFEST.RES
G:\HUANG\我的板\继电器\以太网继电器6路\DEMO\RELAY_DEMO_V2.0\RELAY_DEMO\DEBUG\RELAY_DEMO.EXE.INTERMEDIATE.MANIFEST
G:\HUANG\我的板\继电器\以太网继电器6路\DEMO\RELAY_DEMO_V2.0\RELAY_DEMO\DEBUG\RELAY_DEMO.OBJ
G:\HUANG\我的板\继电器\以太网继电器6路\DEMO\RELAY_DEMO_V2.0\RELAY_DEMO\DEBUG\RELAY_DEMO.PCH
G:\HUANG\我的板\继电器\以太网继电器6路\DEMO\RELAY_DEMO_V2.0\RELAY_DEMO\DEBUG\RELAY_DEMO.RES
G:\HUANG\我的板\继电器\以太网继电器6路\DEMO\RELAY_DEMO_V2.0\RELAY_DEMO\DEBUG\RELAY_DEMODLG.OBJ
G:\HUANG\我的板\继电器\以太网继电器6路\DEMO\RELAY_DEMO_V2.0\RELAY_DEMO\DEBUG\STDAFX.OBJ
G:\HUANG\我的板\继电器\以太网继电器6路\DEMO\RELAY_DEMO_V2.0\RELAY_DEMO\DEBUG\VC100.PDB
G:\HUANG\我的板\继电器\以太网继电器6路\DEMO\RELAY_DEMO_V3.0\DEBUG\RELAY_DEMO.EXE
G:\HUANG\我的板\继电器\以太网继电器6路\DEMO\RELAY_DEMO_V3.0\DEBUG\RELAY_DEMO.ILK
G:\HUANG\我的板\继电器\以太网继电器6路\DEMO\RELAY_DEMO_V3.0\DEBUG\RELAY_DEMO.PDB
G:\HUANG\我的板\继电器\以太网继电器6路\DEMO\RELAY_DEMO_V3.0\RELAY_DEMO\DEBUG\MYSOCKET.OBJ
G:\HUANG\我的板\继电器\以太网继电器6路\DEMO\RELAY_DEMO_V3.0\RELAY_DEMO\DEBUG\RELAY_DEMO.EXE.EMBED.MANIFEST.RES
G:\HUANG\我的板\继电器\以太网继电器6路\DEMO\RELAY_DEMO_V3.0\RELAY_DEMO\DEBUG\RELAY_DEMO.EXE.INTERMEDIATE.MANIFEST
G:\HUANG\我的板\继电器\以太网继电器6路\DEMO\RELAY_DEMO_V3.0\RELAY_DEMO\DEBUG\RELAY_DEMO.OBJ
G:\HUANG\我的板\继电器\以太网继电器6路\DEMO\RELAY_DEMO_V3.0\RELAY_DEMO\DEBUG\RELAY_DEMO.PCH
G:\HUANG\我的板\继电器\以太网继电器6路\DEMO\RELAY_DEMO_V3.0\RELAY_DEMO\DEBUG\RELAY_DEMO.RES
G:\HUANG\我的板\继电器\以太网继电器6路\DEMO\RELAY_DEMO_V3.0\RELAY_DEMO\DEBUG\RELAY_DEMODLG.OBJ
G:\HUANG\我的板\继电器\以太网继电器6路\DEMO\RELAY_DEMO_V3.0\RELAY_DEMO\DEBUG\STDAFX.OBJ
G:\HUANG\我的板\继电器\以太网继电器6路\DEMO\RELAY_DEMO_V3.0\RELAY_DEMO\DEBUG\VC100.PDB
G:\HUANG\我的板\继电器\以太网继电器6路\DEMO\RELAY_DEMO_V4.0.1\DEBUG\RELAY_DEMO.EXE
G:\HUANG\我的板\继电器\以太网继电器6路\DEMO\RELAY_DEMO_V4.0.1\DEBUG\RELAY_DEMO.ILK
G:\HUANG\我的板\继电器\以太网继电器6路\DEMO\RELAY_DEMO_V4.0.1\DEBUG\RELAY_DEMO.PDB
G:\HUANG\我的板\继电器\以太网继电器6路\DEMO\RELAY_DEMO_V4.0.1\RELAY_DEMO\DEBUG\MYSOCKET.OBJ
G:\HUANG\我的板\继电器\以太网继电器6路\DEMO\RELAY_DEMO_V4.0.1\RELAY_DEMO\DEBUG\RELAY_DEMO.EXE.EMBED.MANIFEST.RES
G:\HUANG\我的板\继电器\以太网继电器6路\DEMO\RELAY_DEMO_V4.0.1\RELAY_DEMO\DEBUG\RELAY_DEMO.EXE.INTERMEDIATE.MANIFEST
G:\HUANG\我的板\继电器\以太网继电器6路\DEMO\RELAY_DEMO_V4.0.1\RELAY_DEMO\DEBUG\RELAY_DEMO.OBJ
G:\HUANG\我的板\继电器\以太网继电器6路\DEMO\RELAY_DEMO_V4.0.1\RELAY_DEMO\DEBUG\RELAY_DEMO.PCH
G:\HUANG\我的板\继电器\以太网继电器6路\DEMO\RELAY_DEMO_V4.0.1\RELAY_DEMO\DEBUG\RELAY_DEMO.RES
G:\HUANG\我的板\继电器\以太网继电器6路\DEMO\RELAY_DEMO_V4.0.1\RELAY_DEMO\DEBUG\RELAY_DEMODLG.OBJ
G:\HUANG\我的板\继电器\以太网继电器6路\DEMO\RELAY_DEMO_V4.0.1\RELAY_DEMO\DEBUG\STDAFX.OBJ
G:\HUANG\我的板\继电器\以太网继电器6路\DEMO\RELAY_DEMO_V4.0.1\RELAY_DEMO\DEBUG\VC100.PDB
G:\HUANG\我的板\继电器\以太网继电器6路\DEMO\RELAY_DEMO_V4.0\DEBUG\RELAY_DEMO.EXE
G:\HUANG\我的板\继电器\以太网继电器6路\DEMO\RELAY_DEMO_V4.0\DEBUG\RELAY_DEMO.ILK
G:\HUANG\我的板\继电器\以太网继电器6路\DEMO\RELAY_DEMO_V4.0\DEBUG\RELAY_DEMO.PDB
G:\HUANG\我的板\继电器\以太网继电器6路\DEMO\RELAY_DEMO_V4.0\RELAY_DEMO\DEBUG\MYSOCKET.OBJ
G:\HUANG\我的板\继电器\以太网继电器6路\DEMO\RELAY_DEMO_V4.0\RELAY_DEMO\DEBUG\RELAY_DEMO.EXE.EMBED.MANIFEST.RES
G:\HUANG\我的板\继电器\以太网继电器6路\DEMO\RELAY_DEMO_V4.0\RELAY_DEMO\DEBUG\RELAY_DEMO.EXE.INTERMEDIATE.MANIFEST
G:\HUANG\我的板\继电器\以太网继电器6路\DEMO\RELAY_DEMO_V4.0\RELAY_DEMO\DEBUG\RELAY_DEMO.OBJ
G:\HUANG\我的板\继电器\以太网继电器6路\DEMO\RELAY_DEMO_V4.0\RELAY_DEMO\DEBUG\RELAY_DEMO.PCH
G:\HUANG\我的板\继电器\以太网继电器6路\DEMO\RELAY_DEMO_V4.0\RELAY_DEMO\DEBUG\RELAY_DEMO.RES
G:\HUANG\我的板\继电器\以太网继电器6路\DEMO\RELAY_DEMO_V4.0\RELAY_DEMO\DEBUG\RELAY_DEMODLG.OBJ
G:\HUANG\我的板\继电器\以太网继电器6路\DEMO\RELAY_DEMO_V4.0\RELAY_DEMO\DEBUG\STDAFX.OBJ
G:\HUANG\我的板\继电器\以太网继电器6路\DEMO\RELAY_DEMO_V4.0\RELAY_DEMO\DEBUG\VC100.PDB
