生成启动时间为 2015-11-3 14:39:00。
     1>项目“G:\huang\我的板\继电器\以太网继电器2路\demo\Net_2d_demo_V3.2\relay_demo\relay_demo.vcxproj”在节点 2 上(build 个目标)。
     1>InitializeBuildStatus:
         正在创建“Debug\relay_demo.unsuccessfulbuild”，因为已指定“AlwaysCreate”。
       ClCompile:
         所有输出均为最新。
         D:\Program Files\Microsoft Visual Studio 10.0\VC\bin\CL.exe /c /ZI /nologo /W3 /WX- /Od /Oy- /D WIN32 /D _WINDOWS /D _DEBUG /D _MBCS /Gm /EHsc /RTC1 /MTd /GS /fp:precise /Zc:wchar_t /Zc:forScope /Yu"StdAfx.h" /Fp"Debug\relay_demo.pch" /Fo"Debug\\" /Fd"Debug\vc100.pdb" /Gd /TP /analyze- /errorReport:prompt relay_demoDlg.cpp
         relay_demoDlg.cpp
     1>g:\huang\我的板\继电器\以太网继电器2路\demo\net_2d_demo_v3.2\relay_demo\relay_demodlg.cpp(117): warning C4101: “buffer_farip”: 未引用的局部变量
     1>g:\huang\我的板\继电器\以太网继电器2路\demo\net_2d_demo_v3.2\relay_demo\relay_demodlg.cpp(116): warning C4101: “p4lo”: 未引用的局部变量
       ResourceCompile:
         所有输出均为最新。
       ManifestResourceCompile:
         所有输出均为最新。
       Link:
         D:\Program Files\Microsoft Visual Studio 10.0\VC\bin\link.exe /ERRORREPORT:PROMPT /OUT:"G:\huang\我的板\继电器\以太网继电器2路\demo\Net_2d_demo_V3.2\Debug\relay_demo.exe" /INCREMENTAL /NOLOGO /MANIFEST /ManifestFile:"Debug\relay_demo.exe.intermediate.manifest" /MANIFESTUAC:"level='asInvoker' uiAccess='false'" /DEBUG /PDB:"G:\huang\我的板\继电器\以太网继电器2路\demo\Net_2d_demo_V3.2\Debug\relay_demo.pdb" /SUBSYSTEM:WINDOWS /TLBID:1 /DYNAMICBASE /NXCOMPAT /IMPLIB:"G:\huang\我的板\继电器\以太网继电器2路\demo\Net_2d_demo_V3.2\Debug\relay_demo.lib" /MACHINE:X86 Debug\relay_demo.res
         Debug\relay_demo.exe.embed.manifest.res
         Debug\MySocket.obj
         Debug\relay_demo.obj
         Debug\relay_demoDlg.obj
         Debug\stdafx.obj
       Manifest:
         C:\Program Files\Microsoft SDKs\Windows\v7.0A\bin\mt.exe /nologo /verbose /out:"Debug\relay_demo.exe.embed.manifest" /manifest Debug\relay_demo.exe.intermediate.manifest "D:\Program Files\Microsoft Visual Studio 10.0\VC\Include\Manifest\dpiaware.manifest"
         所有输出均为最新。
       LinkEmbedManifest:
         所有输出均为最新。
         relay_demo.vcxproj -> G:\huang\我的板\继电器\以太网继电器2路\demo\Net_2d_demo_V3.2\Debug\relay_demo.exe
       FinalizeBuildStatus:
         正在删除文件“Debug\relay_demo.unsuccessfulbuild”。
         正在对“Debug\relay_demo.lastbuildstate”执行 Touch 任务。
     1>已完成生成项目“G:\huang\我的板\继电器\以太网继电器2路\demo\Net_2d_demo_V3.2\relay_demo\relay_demo.vcxproj”(build 个目标)的操作。

生成成功。

已用时间 00:00:07.48
